{"/home/farm/Documents/MDNSearch/src/main.ts": {"path":"/home/farm/Documents/MDNSearch/src/main.ts","statementMap":{"0":{"start":{"line":6,"column":0},"end":{"line":6,"column":27}},"1":{"start":{"line":9,"column":18},"end":{"line":11,"column":1}},"2":{"start":{"line":10,"column":4},"end":{"line":10,"column":72}},"3":{"start":{"line":10,"column":39},"end":{"line":10,"column":66}},"4":{"start":{"line":13,"column":18},"end":{"line":18,"column":1}},"5":{"start":{"line":14,"column":19},"end":{"line":15,"column":107}},"6":{"start":{"line":17,"column":4},"end":{"line":17,"column":29}},"7":{"start":{"line":20,"column":18},"end":{"line":26,"column":1}},"8":{"start":{"line":21,"column":4},"end":{"line":23,"column":5}},"9":{"start":{"line":22,"column":8},"end":{"line":22,"column":67}},"10":{"start":{"line":22,"column":41},"end":{"line":22,"column":61}},"11":{"start":{"line":25,"column":4},"end":{"line":25,"column":16}},"12":{"start":{"line":28,"column":20},"end":{"line":34,"column":1}},"13":{"start":{"line":29,"column":4},"end":{"line":31,"column":5}},"14":{"start":{"line":30,"column":8},"end":{"line":30,"column":37}},"15":{"start":{"line":33,"column":4},"end":{"line":33,"column":29}},"16":{"start":{"line":36,"column":13},"end":{"line":55,"column":3}},"17":{"start":{"line":36,"column":73},"end":{"line":55,"column":2}},"18":{"start":{"line":37,"column":21},"end":{"line":37,"column":64}},"19":{"start":{"line":38,"column":23},"end":{"line":38,"column":80}},"20":{"start":{"line":39,"column":23},"end":{"line":39,"column":64}},"21":{"start":{"line":40,"column":23},"end":{"line":40,"column":81}},"22":{"start":{"line":41,"column":20},"end":{"line":41,"column":78}},"23":{"start":{"line":42,"column":16},"end":{"line":42,"column":125}},"24":{"start":{"line":44,"column":4},"end":{"line":54,"column":7}},"25":{"start":{"line":45,"column":22},"end":{"line":45,"column":24}},"26":{"start":{"line":47,"column":8},"end":{"line":49,"column":9}},"27":{"start":{"line":48,"column":12},"end":{"line":48,"column":57}},"28":{"start":{"line":51,"column":8},"end":{"line":51,"column":32}},"29":{"start":{"line":52,"column":8},"end":{"line":52,"column":50}},"30":{"start":{"line":52,"column":32},"end":{"line":52,"column":48}},"31":{"start":{"line":53,"column":8},"end":{"line":53,"column":58}},"32":{"start":{"line":53,"column":28},"end":{"line":53,"column":56}}},"fnMap":{"0":{"name":"(anonymous_0)","decl":{"start":{"line":9,"column":18},"end":{"line":9,"column":19}},"loc":{"start":{"line":9,"column":52},"end":{"line":11,"column":1}}},"1":{"name":"(anonymous_1)","decl":{"start":{"line":10,"column":25},"end":{"line":10,"column":26}},"loc":{"start":{"line":10,"column":39},"end":{"line":10,"column":66}}},"2":{"name":"(anonymous_2)","decl":{"start":{"line":13,"column":18},"end":{"line":13,"column":28}},"loc":{"start":{"line":13,"column":31},"end":{"line":18,"column":1}}},"3":{"name":"(anonymous_3)","decl":{"start":{"line":20,"column":18},"end":{"line":20,"column":19}},"loc":{"start":{"line":20,"column":59},"end":{"line":26,"column":1}}},"4":{"name":"(anonymous_4)","decl":{"start":{"line":22,"column":27},"end":{"line":22,"column":28}},"loc":{"start":{"line":22,"column":41},"end":{"line":22,"column":61}}},"5":{"name":"(anonymous_5)","decl":{"start":{"line":28,"column":20},"end":{"line":28,"column":21}},"loc":{"start":{"line":28,"column":63},"end":{"line":34,"column":1}}},"6":{"name":"(anonymous_6)","decl":{"start":{"line":36,"column":25},"end":{"line":36,"column":26}},"loc":{"start":{"line":36,"column":73},"end":{"line":55,"column":2}}},"7":{"name":"(anonymous_7)","decl":{"start":{"line":36,"column":85},"end":{"line":36,"column":86}},"loc":{"start":{"line":36,"column":125},"end":{"line":55,"column":1}}},"8":{"name":"(anonymous_8)","decl":{"start":{"line":44,"column":13},"end":{"line":44,"column":15}},"loc":{"start":{"line":44,"column":19},"end":{"line":54,"column":5}}},"9":{"name":"(anonymous_9)","decl":{"start":{"line":52,"column":23},"end":{"line":52,"column":27}},"loc":{"start":{"line":52,"column":32},"end":{"line":52,"column":48}}},"10":{"name":"(anonymous_10)","decl":{"start":{"line":53,"column":22},"end":{"line":53,"column":24}},"loc":{"start":{"line":53,"column":28},"end":{"line":53,"column":56}}}},"branchMap":{"0":{"loc":{"start":{"line":21,"column":4},"end":{"line":23,"column":5}},"type":"if","locations":[{"start":{"line":21,"column":4},"end":{"line":23,"column":5}},{"start":{"line":21,"column":4},"end":{"line":23,"column":5}}]},"1":{"loc":{"start":{"line":29,"column":4},"end":{"line":31,"column":5}},"type":"if","locations":[{"start":{"line":29,"column":4},"end":{"line":31,"column":5}},{"start":{"line":29,"column":4},"end":{"line":31,"column":5}}]},"2":{"loc":{"start":{"line":37,"column":44},"end":{"line":37,"column":59}},"type":"cond-expr","locations":[{"start":{"line":37,"column":44},"end":{"line":37,"column":59}},{"start":{"line":37,"column":62},"end":{"line":37,"column":64}}]},"3":{"loc":{"start":{"line":38,"column":59},"end":{"line":38,"column":74}},"type":"cond-expr","locations":[{"start":{"line":38,"column":59},"end":{"line":38,"column":74}},{"start":{"line":38,"column":77},"end":{"line":38,"column":80}}]},"4":{"loc":{"start":{"line":38,"column":24},"end":{"line":38,"column":42}},"type":"binary-expr","locations":[{"start":{"line":38,"column":24},"end":{"line":38,"column":42}},{"start":{"line":38,"column":46},"end":{"line":38,"column":55}}]},"5":{"loc":{"start":{"line":39,"column":48},"end":{"line":39,"column":54}},"type":"cond-expr","locations":[{"start":{"line":39,"column":48},"end":{"line":39,"column":54}},{"start":{"line":39,"column":57},"end":{"line":39,"column":64}}]},"6":{"loc":{"start":{"line":40,"column":48},"end":{"line":40,"column":67}},"type":"cond-expr","locations":[{"start":{"line":40,"column":48},"end":{"line":40,"column":67}},{"start":{"line":40,"column":70},"end":{"line":40,"column":81}}]},"7":{"loc":{"start":{"line":47,"column":8},"end":{"line":49,"column":9}},"type":"if","locations":[{"start":{"line":47,"column":8},"end":{"line":49,"column":9}},{"start":{"line":47,"column":8},"end":{"line":49,"column":9}}]}},"s":{"0":1,"1":1,"2":14,"3":216,"4":1,"5":10,"6":10,"7":1,"8":14,"9":4,"10":4,"11":10,"12":1,"13":4,"14":2,"15":2,"16":1,"17":14,"18":14,"19":14,"20":14,"21":14,"22":14,"23":14,"24":14,"25":0,"26":0,"27":0,"28":0,"29":0,"30":0,"31":0,"32":0},"f":{"0":14,"1":216,"2":10,"3":14,"4":4,"5":4,"6":14,"7":14,"8":0,"9":0,"10":0},"b":{"0":[4,10],"1":[2,2],"2":[14,0],"3":[2,12],"4":[14,2],"5":[7,7],"6":[4,10],"7":[0,0]}}
}
