TN:
SF:/home/farm/Documents/MDNSearch/src/main.ts
FN:9,(anonymous_0)
FN:10,(anonymous_1)
FN:13,(anonymous_2)
FN:20,(anonymous_3)
FN:22,(anonymous_4)
FN:28,(anonymous_5)
FN:36,(anonymous_6)
FN:36,(anonymous_7)
FN:44,(anonymous_8)
FN:52,(anonymous_9)
FN:53,(anonymous_10)
FNF:11
FNH:8
FNDA:14,(anonymous_0)
FNDA:216,(anonymous_1)
FNDA:10,(anonymous_2)
FNDA:14,(anonymous_3)
FNDA:4,(anonymous_4)
FNDA:4,(anonymous_5)
FNDA:14,(anonymous_6)
FNDA:14,(anonymous_7)
FNDA:0,(anonymous_8)
FNDA:0,(anonymous_9)
FNDA:0,(anonymous_10)
DA:6,1
DA:9,1
DA:10,216
DA:13,1
DA:14,10
DA:17,10
DA:20,1
DA:21,14
DA:22,4
DA:25,10
DA:28,1
DA:29,4
DA:30,2
DA:33,2
DA:36,14
DA:37,14
DA:38,14
DA:39,14
DA:40,14
DA:41,14
DA:42,14
DA:44,14
DA:45,0
DA:47,0
DA:48,0
DA:51,0
DA:52,0
DA:53,0
LF:28
LH:22
BRDA:21,0,0,4
BRDA:21,0,1,10
BRDA:29,1,0,2
BRDA:29,1,1,2
BRDA:37,2,0,14
BRDA:37,2,1,0
BRDA:38,3,0,2
BRDA:38,3,1,12
BRDA:38,4,0,14
BRDA:38,4,1,2
BRDA:39,5,0,7
BRDA:39,5,1,7
BRDA:40,6,0,4
BRDA:40,6,1,10
BRDA:47,7,0,0
BRDA:47,7,1,0
BRF:16
BRH:13
end_of_record
